<?xml version="1.0" encoding="UTF-8"?>
<!-- Generated by org.testng.reporters.JUnitReportReporter -->
<testsuite hostname="DESKTOP-TAKCJM8" failures="0" tests="4" name="com.api.testng.framework.API_CIRD_Function_Test_Read" time="0.062" errors="0" timestamp="2023-01-29T12:13:49 EST" skipped="0">
  <testcase classname="com.api.testng.framework.API_CIRD_Function_Test_Read" name="checkResponseBodyNull_OR_Not" time="0.039"/>
  <system-out/>
  <testcase classname="com.api.testng.framework.API_CIRD_Function_Test_Read" name="getResponseTime" time="0.003"/>
  <system-out/>
  <testcase classname="com.api.testng.framework.API_CIRD_Function_Test_Read" name="checkDataFormat" time="0.012"/>
  <system-out/>
  <testcase classname="com.api.testng.framework.API_CIRD_Function_Test_Read" name="getStatusCode" time="0.008"/>
  <system-out/>
</testsuite> <!-- com.api.testng.framework.API_CIRD_Function_Test_Read -->
