<?xml version="1.0" encoding="UTF-8"?>
<!-- Generated by org.testng.reporters.JUnitReportReporter -->
<testsuite hostname="DESKTOP-TAKCJM8" failures="0" tests="6" name="com.api.testng.framework.API_Create_Data" time="1.168" errors="0" timestamp="2023-01-29T17:33:24 EST" skipped="0">
  <testcase classname="com.api.testng.framework.API_Create_Data" name="statusCode" time="0.019"/>
  <system-out/>
  <testcase classname="com.api.testng.framework.API_Create_Data" name="responseTime" time="0.007"/>
  <system-out/>
  <testcase classname="com.api.testng.framework.API_Create_Data" name="dataFormatCheck" time="0.004"/>
  <system-out/>
  <testcase classname="com.api.testng.framework.API_Create_Data" name="dataNull_OR_NOt" time="0.022"/>
  <system-out/>
  <testcase classname="com.api.testng.framework.API_Create_Data" name="checkOriginIsPresent" time="0.005"/>
  <system-out/>
  <testcase classname="com.api.testng.framework.API_Create_Data" name="checkAttributeValue" time="1.111"/>
  <system-out/>
</testsuite> <!-- com.api.testng.framework.API_Create_Data -->
