<?xml version="1.0" encoding="UTF-8"?>
<!-- Generated by org.testng.reporters.JUnitReportReporter -->
<testsuite hostname="DESKTOP-TAKCJM8" failures="0" tests="4" name="com.api.testng.framework.API_Read_Data" time="0.083" errors="0" timestamp="2023-01-29T15:55:32 EST" skipped="0">
  <testcase classname="com.api.testng.framework.API_Read_Data" name="chechStatusCode" time="0.015"/>
  <system-out/>
  <testcase classname="com.api.testng.framework.API_Read_Data" name="chechResponceTime" time="0.014"/>
  <system-out/>
  <testcase classname="com.api.testng.framework.API_Read_Data" name="chechDataFormat" time="0.046"/>
  <system-out/>
  <testcase classname="com.api.testng.framework.API_Read_Data" name="chechDataNull_OR_NOT" time="0.008"/>
  <system-out/>
</testsuite> <!-- com.api.testng.framework.API_Read_Data -->
