<?xml version="1.0" encoding="UTF-8"?>
<!-- Generated by org.testng.reporters.JUnitReportReporter -->
<testsuite hostname="DESKTOP-TAKCJM8" failures="0" tests="6" name="com.api.testng.framework.API_CIRD_Function_Test_Update" time="0.057" errors="0" timestamp="2023-01-29T12:13:49 EST" skipped="0">
  <testcase classname="com.api.testng.framework.API_CIRD_Function_Test_Update" name="checkDataFormat" time="0.005"/>
  <system-out/>
  <testcase classname="com.api.testng.framework.API_CIRD_Function_Test_Update" name="getStatusCode" time="0.005"/>
  <system-out/>
  <testcase classname="com.api.testng.framework.API_CIRD_Function_Test_Update" name="checkResponseBodyNull_OR_Not" time="0.004"/>
  <system-out/>
  <testcase classname="com.api.testng.framework.API_CIRD_Function_Test_Update" name="checkAttributePresentOR_Not" time="0.005"/>
  <system-out/>
  <testcase classname="com.api.testng.framework.API_CIRD_Function_Test_Update" name="getResponseTime" time="0.003"/>
  <system-out/>
  <testcase classname="com.api.testng.framework.API_CIRD_Function_Test_Update" name="checkValue" time="0.035"/>
  <system-out/>
</testsuite> <!-- com.api.testng.framework.API_CIRD_Function_Test_Update -->
