<?xml version="1.0" encoding="UTF-8"?>
<!-- Generated by org.testng.reporters.JUnitReportReporter -->
<testsuite hostname="DESKTOP-TAKCJM8" failures="0" tests="4" name="com.api.testng.framework.API_Testng_Framework" time="0.619" errors="0" timestamp="2023-01-29T10:07:20 EST" skipped="0">
  <testcase classname="com.api.testng.framework.API_Testng_Framework" name="putTestCases" time="0.004"/>
  <system-out/>
  <testcase classname="com.api.testng.framework.API_Testng_Framework" name="getTestCases" time="0.009"/>
  <system-out/>
  <testcase classname="com.api.testng.framework.API_Testng_Framework" name="postTestCases" time="0.598"/>
  <system-out/>
  <testcase classname="com.api.testng.framework.API_Testng_Framework" name="deleteTestCases" time="0.008"/>
  <system-out/>
</testsuite> <!-- com.api.testng.framework.API_Testng_Framework -->
