<?xml version="1.0" encoding="UTF-8"?>
<!-- Generated by org.testng.reporters.JUnitReportReporter -->
<testsuite hostname="DESKTOP-TAKCJM8" failures="0" tests="6" name="com.api.testng.framework.API_CIRD_Function_Test_Create" time="0.635" errors="0" timestamp="2023-01-29T12:13:49 EST" skipped="0">
  <testcase classname="com.api.testng.framework.API_CIRD_Function_Test_Create" name="checkAttributePresentOR_Not" time="0.005"/>
  <system-out/>
  <testcase classname="com.api.testng.framework.API_CIRD_Function_Test_Create" name="getResponseTime" time="0.002"/>
  <system-out/>
  <testcase classname="com.api.testng.framework.API_CIRD_Function_Test_Create" name="checkDataFormat" time="0.005"/>
  <system-out/>
  <testcase classname="com.api.testng.framework.API_CIRD_Function_Test_Create" name="checkValuet" time="0.612"/>
  <system-out/>
  <testcase classname="com.api.testng.framework.API_CIRD_Function_Test_Create" name="getStatusCode" time="0.004"/>
  <system-out/>
  <testcase classname="com.api.testng.framework.API_CIRD_Function_Test_Create" name="checkResponseBodyNull_OR_Not" time="0.007"/>
  <system-out/>
</testsuite> <!-- com.api.testng.framework.API_CIRD_Function_Test_Create -->
