<?xml version="1.0" encoding="UTF-8"?>
<!-- Generated by org.testng.reporters.JUnitReportReporter -->
<testsuite hostname="DESKTOP-TAKCJM8" failures="0" tests="2" name="com.test.cucumber.Runner" time="4.917" errors="0" timestamp="2023-01-29T17:41:18 EST" skipped="0">
  <testcase classname="com.test.cucumber.Runner" name="runScenario" time="1.507"/>
  <system-out/>
  <testcase classname="com.test.cucumber.Runner" name="runScenario" time="3.410"/>
  <system-out/>
</testsuite> <!-- com.test.cucumber.Runner -->
